<?xml version="1.0" encoding="UTF-8"?>
<!-- Generated by org.testng.reporters.JUnitXMLReporter -->
<testsuite ignored="0" hostname="LAPTOP-BDM6FK70" failures="2" tests="7" name="Ecommerce" time="20.861" errors="0" timestamp="2022-10-13T18:19:18 IST">
  <testcase classname="tests.SampleTestCase_2" name="openCart" time="3.439">
    <failure type="java.lang.AssertionError" message="expected [1Your Store] but found [Your Store]">
      <![CDATA[java.lang.AssertionError: expected [1Your Store] but found [Your Store]
at tests.SampleTestCase_2.openCart(SampleTestCase_2.java:22)
at java.base/java.util.concurrent.ThreadPoolExecutor.runWorker(ThreadPoolExecutor.java:1128)
at java.base/java.util.concurrent.ThreadPoolExecutor$Worker.run(ThreadPoolExecutor.java:628)
at java.base/java.lang.Thread.run(Thread.java:834)
... Removed 18 stack frames]]>
    </failure>
  </testcase> <!-- openCart -->
  <testcase classname="tests.SampleTestClass" name="amazon" time="5.065">
    <failure type="java.lang.AssertionError" message="expected [1Online Shopping site in India: Shop Online for Mobiles, Books, Watches, Shoes and More - Amazon.in] but found [Online Shopping site in India: Shop Online for Mobiles, Books, Watches, Shoes and More - Amazon.in]">
      <![CDATA[java.lang.AssertionError: expected [1Online Shopping site in India: Shop Online for Mobiles, Books, Watches, Shoes and More - Amazon.in] but found [Online Shopping site in India: Shop Online for Mobiles, Books, Watches, Shoes and More - Amazon.in]
at tests.SampleTestClass.amazon(SampleTestClass.java:54)
at java.base/java.util.concurrent.ThreadPoolExecutor.runWorker(ThreadPoolExecutor.java:1128)
at java.base/java.util.concurrent.ThreadPoolExecutor$Worker.run(ThreadPoolExecutor.java:628)
at java.base/java.lang.Thread.run(Thread.java:834)
... Removed 18 stack frames]]>
    </failure>
  </testcase> <!-- amazon -->
  <testcase classname="tests.SampleTestClass" name="facebook" time="5.522"/>
  <testcase classname="tests.SampleTestCase_2" name="orangeHRM" time="7.313"/>
  <testcase classname="tests.SampleTestCase_2" name="prestashop" time="7.644"/>
  <testcase classname="tests.SampleTestClass" name="google" time="2.275"/>
  <testcase classname="tests.SampleTestClass" name="twitter" time="2.806"/>
</testsuite> <!-- Ecommerce -->
